<?xml version="1.0" encoding="UTF-8"?>
<!-- Generated by org.testng.reporters.JUnitReportReporter -->
<testsuite skipped="0" hostname="DESKTOP-1R6EE21" name="com.crm.qa.test.SignUpPageTest" tests="1" failures="0" timestamp="31 Jan 2018 03:45:27 GMT" time="11.222" errors="0">
  <testcase name="signup" time="11.222" classname="com.crm.qa.test.SignUpPageTest"/>
</testsuite> <!-- com.crm.qa.test.SignUpPageTest -->
