<?xml version="1.0" encoding="UTF-8"?>
<!-- Generated by org.testng.reporters.JUnitReportReporter -->
<testsuite skipped="0" hostname="DESKTOP-1R6EE21" name="com.crm.qa.test.LoginPageTest" tests="2" failures="0" timestamp="01 Feb 2018 02:16:42 GMT" time="22.422" errors="0">
  <testcase name="titleValidation" time="8.348" classname="com.crm.qa.test.LoginPageTest"/>
  <testcase name="login" time="14.074" classname="com.crm.qa.test.LoginPageTest"/>
</testsuite> <!-- com.crm.qa.test.LoginPageTest -->
